2025-02-08 21:53:33,041 - ERROR - OCR error: tesseract is not installed or it's not in your PATH. See README file for more information.
2025-02-08 21:56:51,752 - ERROR - Audio transcription error: [WinError 2] The system cannot find the file specified
2025-02-08 22:01:18,081 - ERROR - OCR error: tesseract is not installed or it's not in your PATH. See README file for more information.
2025-02-08 22:06:22,570 - ERROR - OCR error: tesseract is not installed or it's not in your PATH. See README file for more information.
2025-02-08 22:08:05,761 - ERROR - Audio file not found: audio.mp3
2025-02-08 22:19:35,083 - ERROR - OCR error: C:\Program Files\Tesseract-OCR\tesseract.exe is not installed or it's not in your PATH. See README file for more information.
2025-02-08 22:19:42,405 - ERROR - Image file not found: image
2025-02-08 22:22:23,267 - ERROR - OCR error: tesseract is not installed or it's not in your PATH. See README file for more information.
2025-02-08 23:32:43,300 - ERROR - Audio transcription error: Audio file could not be read as PCM WAV, AIFF/AIFF-C, or Native FLAC; check if file is corrupted or in another format
2025-02-08 23:36:15,672 - ERROR - Audio file not found: audio.mp3
2025-02-09 00:18:48,101 - ERROR - Summarization error: invalid literal for int() with base 10: ''
2025-03-10 12:03:50,978 - WARNING - Error while downloading from https://cdn-lfs.hf.co/sshleifer/distilbart-cnn-12-6/1e46814333b97dfa0f866f58fd15cd7b48ffbe7fd4c1a929caa5f95c7b2fa592?response-content-disposition=inline%3B+filename*%3DUTF-8%27%27model.safetensors%3B+filename%3D%22model.safetensors%22%3B&Expires=1741591498&Policy=eyJTdGF0ZW1lbnQiOlt7IkNvbmRpdGlvbiI6eyJEYXRlTGVzc1RoYW4iOnsiQVdTOkVwb2NoVGltZSI6MTc0MTU5MTQ5OH19LCJSZXNvdXJjZSI6Imh0dHBzOi8vY2RuLWxmcy5oZi5jby9zc2hsZWlmZXIvZGlzdGlsYmFydC1jbm4tMTItNi8xZTQ2ODE0MzMzYjk3ZGZhMGY4NjZmNThmZDE1Y2Q3YjQ4ZmZiZTdmZDRjMWE5MjljYWE1Zjk1YzdiMmZhNTkyP3Jlc3BvbnNlLWNvbnRlbnQtZGlzcG9zaXRpb249KiJ9XX0_&Signature=O0yTD0RAFR6lWh-l5yNw-2zY5qUvyuaV6o2XObJoCon-jbPw6YIAjcVHlGvrX3oqIrUjUGXI0fbM20FiLcOTHcrX8PNi6BOGW-Y3MQtSWg0fwei1WaBbwgxZBGW-e3jtBLGCoDPDgun%7E5VzYK2Epg5IMjRKVK8HCwvAO-LIt8ogjTsMpO-Bp1r8WGeOeCgAITRTlNEclIdLe0MNDoV4C-%7EmjmQQRSuGwyxo5TwzPZvrMxEQsCw7eQ8fam5gpSYDbvJ8THAdOC9QGGJu-T1CDalOwAsNHbzwejgWQCbiFkgv%7E-4FW3TdHfF%7EbA4VzUig20phOqG8xtmM-ovazBUEoXg__&Key-Pair-Id=K3RPWS32NSSJCE: HTTPSConnectionPool(host='cdn-lfs.hf.co', port=443): Read timed out.
Trying to resume download...
2025-03-10 23:07:16,328 - ERROR - Summarization error: invalid literal for int() with base 10: ''
2025-03-13 21:30:44,792 - ERROR - Summarization error: invalid literal for int() with base 10: ''
2025-03-17 00:21:51,387 - ERROR - OCR error: '>' not supported between instances of 'str' and 'float'
2025-03-17 00:26:21,546 - ERROR - OCR error: '>' not supported between instances of 'str' and 'float'
2025-03-17 00:28:22,641 - ERROR - OCR error: could not convert string to float: 'As this issue of TRANSFER has an introductory article that guides readers through the articles on'
2025-03-17 00:32:49,041 - ERROR - OCR error: module 'easyocr.config' has no attribute 'USE_GPU'
2025-03-17 00:35:51,888 - ERROR - OCR error: tesseract is not installed or it's not in your PATH. See README file for more information.
2025-03-17 16:24:43,959 - ERROR - Video summarization error: name 'VisionEncoderDecoderModel' is not defined
2025-03-17 21:58:54,315 - ERROR - Audio extraction error: [WinError 2] The system cannot find the file specified
2025-03-17 22:12:14,264 - ERROR - Audio extraction error: No module named 'moviepy.editor'
2025-03-17 23:05:07,632 - ERROR - Audio extraction error: No module named 'moviepy.editor'
2025-03-17 23:15:26,021 - ERROR - Audio extraction error: No module named 'moviepy.editor'
2025-03-17 23:21:32,631 - ERROR - Audio extraction error: No module named 'moviepy.editor'
2025-03-17 23:22:22,949 - ERROR - Audio extraction error: No module named 'moviepy.editor'
2025-03-26 20:22:03,548 - ERROR - Summarization error: CUDA out of memory. Tried to allocate 20.00 MiB. GPU 0 has a total capacity of 4.00 GiB of which 0 bytes is free. Of the allocated memory 10.78 GiB is allocated by PyTorch, and 44.78 MiB is reserved by PyTorch but unallocated. If reserved but unallocated memory is large try setting PYTORCH_CUDA_ALLOC_CONF=expandable_segments:True to avoid fragmentation.  See documentation for Memory Management  (https://pytorch.org/docs/stable/notes/cuda.html#environment-variables)
2025-03-26 20:22:09,686 - ERROR - Summarization error: CUDA out of memory. Tried to allocate 20.00 MiB. GPU 0 has a total capacity of 4.00 GiB of which 0 bytes is free. Of the allocated memory 10.78 GiB is allocated by PyTorch, and 43.38 MiB is reserved by PyTorch but unallocated. If reserved but unallocated memory is large try setting PYTORCH_CUDA_ALLOC_CONF=expandable_segments:True to avoid fragmentation.  See documentation for Memory Management  (https://pytorch.org/docs/stable/notes/cuda.html#environment-variables)
2025-03-26 20:22:15,563 - ERROR - Summarization error: CUDA out of memory. Tried to allocate 20.00 MiB. GPU 0 has a total capacity of 4.00 GiB of which 0 bytes is free. Of the allocated memory 10.78 GiB is allocated by PyTorch, and 44.78 MiB is reserved by PyTorch but unallocated. If reserved but unallocated memory is large try setting PYTORCH_CUDA_ALLOC_CONF=expandable_segments:True to avoid fragmentation.  See documentation for Memory Management  (https://pytorch.org/docs/stable/notes/cuda.html#environment-variables)
2025-03-26 20:22:20,128 - ERROR - Summarization error: CUDA out of memory. Tried to allocate 20.00 MiB. GPU 0 has a total capacity of 4.00 GiB of which 0 bytes is free. Of the allocated memory 10.82 GiB is allocated by PyTorch, and 988.00 KiB is reserved by PyTorch but unallocated. If reserved but unallocated memory is large try setting PYTORCH_CUDA_ALLOC_CONF=expandable_segments:True to avoid fragmentation.  See documentation for Memory Management  (https://pytorch.org/docs/stable/notes/cuda.html#environment-variables)
2025-03-26 20:22:25,138 - ERROR - Summarization error: CUDA out of memory. Tried to allocate 20.00 MiB. GPU 0 has a total capacity of 4.00 GiB of which 0 bytes is free. Of the allocated memory 10.80 GiB is allocated by PyTorch, and 18.20 MiB is reserved by PyTorch but unallocated. If reserved but unallocated memory is large try setting PYTORCH_CUDA_ALLOC_CONF=expandable_segments:True to avoid fragmentation.  See documentation for Memory Management  (https://pytorch.org/docs/stable/notes/cuda.html#environment-variables)
2025-03-26 20:22:30,162 - ERROR - Summarization error: CUDA out of memory. Tried to allocate 20.00 MiB. GPU 0 has a total capacity of 4.00 GiB of which 0 bytes is free. Of the allocated memory 10.81 GiB is allocated by PyTorch, and 15.83 MiB is reserved by PyTorch but unallocated. If reserved but unallocated memory is large try setting PYTORCH_CUDA_ALLOC_CONF=expandable_segments:True to avoid fragmentation.  See documentation for Memory Management  (https://pytorch.org/docs/stable/notes/cuda.html#environment-variables)
2025-03-26 20:22:32,971 - ERROR - Summarization error: CUDA out of memory. Tried to allocate 20.00 MiB. GPU 0 has a total capacity of 4.00 GiB of which 0 bytes is free. Of the allocated memory 10.79 GiB is allocated by PyTorch, and 34.83 MiB is reserved by PyTorch but unallocated. If reserved but unallocated memory is large try setting PYTORCH_CUDA_ALLOC_CONF=expandable_segments:True to avoid fragmentation.  See documentation for Memory Management  (https://pytorch.org/docs/stable/notes/cuda.html#environment-variables)
2025-03-26 20:22:39,191 - ERROR - Summarization error: CUDA out of memory. Tried to allocate 20.00 MiB. GPU 0 has a total capacity of 4.00 GiB of which 0 bytes is free. Of the allocated memory 10.80 GiB is allocated by PyTorch, and 27.70 MiB is reserved by PyTorch but unallocated. If reserved but unallocated memory is large try setting PYTORCH_CUDA_ALLOC_CONF=expandable_segments:True to avoid fragmentation.  See documentation for Memory Management  (https://pytorch.org/docs/stable/notes/cuda.html#environment-variables)
2025-03-26 20:22:45,312 - ERROR - Summarization error: CUDA out of memory. Tried to allocate 20.00 MiB. GPU 0 has a total capacity of 4.00 GiB of which 0 bytes is free. Of the allocated memory 10.79 GiB is allocated by PyTorch, and 37.21 MiB is reserved by PyTorch but unallocated. If reserved but unallocated memory is large try setting PYTORCH_CUDA_ALLOC_CONF=expandable_segments:True to avoid fragmentation.  See documentation for Memory Management  (https://pytorch.org/docs/stable/notes/cuda.html#environment-variables)
2025-03-26 20:22:51,468 - ERROR - Summarization error: CUDA out of memory. Tried to allocate 20.00 MiB. GPU 0 has a total capacity of 4.00 GiB of which 0 bytes is free. Of the allocated memory 10.79 GiB is allocated by PyTorch, and 37.21 MiB is reserved by PyTorch but unallocated. If reserved but unallocated memory is large try setting PYTORCH_CUDA_ALLOC_CONF=expandable_segments:True to avoid fragmentation.  See documentation for Memory Management  (https://pytorch.org/docs/stable/notes/cuda.html#environment-variables)
